<html>
<body>
<pre>
<h1>Vision Build Log</h1>
<h2>Tool Versions:</h2>
IDE-Version: μVision V5.25.3.0
Copyright (C) 2018 ARM Ltd and ARM Germany GmbH. All rights reserved.
License Information: 111 oy, 111, LIC=0V0WF-6D2MD-N0XN1-CHJH9-VBYKV-YPE1H
 
Tool Versions:
Toolchain:       MDK51 Professional  Version: 9.59.0.0
Toolchain Path:  E:\SCM\keil 4\C51\BIN
C Compiler:      C51.exe V9.59.0.0
Assembler:       A51.exe V8.2.7.0
Linker/Locator:  BL51.exe V6.22.2.0
Library Manager: LIB51.exe V4.30.1.0
Hex Converter:   OH51.exe V2.7.0.0
CPU DLL:         S8051.DLL V3.122.0.0
Dialog DLL:      DP51.DLL V2.66.0.0 
<h2>Project:</h2>
E:\欧大发\51单片机\protues\红外遥控\project.uvproj
Project File Date:  02/17/2022

<h2>Output:</h2>
Rebuild target 'Target 1'
compiling main.c...
IrReceive.h(4): warning C318: can't open file 'delay.h'
IrReceive.h(7): error C141: syntax error near 'uchar', expected 'bit'
IrReceive.h(7): error C129: missing ';' before 'usercode'
main.c(2): warning C318: can't open file 'lcd1602.h'
compiling IrReceive.c...
IrReceive.h(4): warning C318: can't open file 'delay.h'
IrReceive.h(7): error C141: syntax error near 'uchar', expected 'bit'
IrReceive.h(7): error C129: missing ';' before 'usercode'
Target not created.
Build Time Elapsed:  00:00:01
</pre>
</body>
</html>
